
% ------------ Model parameters -----------------------------------------
 Date            =  16-Apr-2019;
 Date_Time       = [  2019     4    16    18    30     4]
 Computer_type   =  GLNXA64;
 Input_file      =  ./model.input.wc;
 Output_dir      =  ./;
 Output_scratch  =  /local/legeza/Ne_2_Norb_2_rs_10.4811_kappa_0_p_06/;
 Molecule        =  WignerCrystal;
 Chainlength     =      8;
 Filling         =  0.125;

 Total_momentum  =  1.000;
 E_FCI           =  [   ];

 E_HF            =  ;
 Eigval          =  [         1.000000000000  ];

 Ordering = [   1   2   3   4   5   6   7   8 ];

 CAS_orb   = [   8   7   6   5   4   3   2   1 ];

 State_tot = [   1   1   0   0];

 Eigval = [  1];

 M_max      = 1024;   
 M_min      = 1024;   
 Ml_start   = 256;   
 Mr_start   = 256;   
 TRE_max    =   1.000e-04;
 k_i_orig = [   1   1   1   1   1   1   1   1 ];

 k_i = [   1   1   1   1   1   1   1   1 ];

 e_k = [   0   0   0   0   0   0   0   0 ];


 s = 1;
 m = 60;
 h = 60*60;
 d = 60*60*24;
% ------------ DMRG parameters  -----------------------------------------

% StorageMode =     1
% Memoryopt =     0
% NumCores =     1
% maxNumCompThreads =     4
% Parallel =     0
% ModelTest =     0
% DMRGMODE = DMRG
% M_max =  1024
% M_min =  1024
% ML_start =   256
% MR_start =   256
% DM_cut = 1.000000e-04
% DM_cutst = 
% DM_cut_orig = 1.000000e-04
% DM_cut_isvector =     0
% p_n =     1
% Eigval =     1
% Spectrum = SA
% Case_ = one
% sym_ud =     0
% Iter_ =     1
% Step_ =     1
% MAX_ITER = 
% MAX_SWEEP =     3
% SweepEThr = 
% Cont_data = 
% HOME = /home/legeza/
% TMP = /local/legeza/Ne_2_Norb_2_rs_10.4811_kappa_0_p_06/
% RES = ./
% HF_test =     0
% V_symtest =     0
% sym_test =     0
% rho_0pt =     1
% rho_1pt =     1
% rho_2pt =     0
% flag_endtoend =     0
% spectral_function =     0
% pt_calculate_at = end
% pt_betweensameeigvals =     1
% pt_output = mat
% pt_parallel_cores =     1
% pt_parallel_pause =     5
% stringorder =     0
% Hexpt =     0
% Hexpt_eig =     0
% Jexpt =     0
% Dexpt =     0
% Sexpt =     0
% Rexpt =     0
% Iexpt =     0
% Iexpt_opformat = opp
% Siexpt =     0
% Dimerord =     0
% fullH =     0
% fullHIter =     0
% EXACT =     0
% Rhoexpt_eig =     0
% Psi2disk =     0
% MPS_form =     0
% MPS_cleartext =     0
% DeleteTemp =     0
% QDCompr =     0
% Cuthill =     0
% Psi_parity =     0
% Enforce_Psi_ud_parity =     0
% Enforce_Psi_eh_parity =     0
% Enforce_Psi_lr_parity =     0
% Debugmode =     0
% rev_enabled =     1
% rev_enabled_orig =     1
% SBlock_config = lqqr
% SBH_mult_config = lqqr
% SBH_mult_version = cpp_v02
% Datazip =     0
% Diagfun = dav03
% Diagfig =     8
% Diagvecmax =   100
% itmax =    40
% StartVec_use =     2
% Diagfunst = eigs
% Diagfigst =     7
% Diagvecmaxst =   100
% itmaxst =    40
% StartVec_use_inf =     1
% Infalg =     0
% Trunc_proc =     3
% Turn_cond =     0
% CI =     0
% Disk_info =     0
% symop =     0
% DEAS_symop =     1
% DEAS_save_psi =     0
% deastest =     0
% Use_deas =     0
% ExcludeDEASfunctions =     0
% TDVP_Iter =     0
% TDVP_Sweep =     0
% TDVP_SweepStart =     2
% TDVP_SweepEnd =     6
% TDVP_t =     01.000000e-01
% TDVP_Mode = imaginary
% TDVP_M_max =    32
% TDVP_M_min =    32
% TDVP_ML_start =    32
% TDVP_MR_start =    32
% TDVP_DebugMode =     0
% TDVP_FullForm =     1
% mrcc =     0
% ModeTrafo_use =     0
% ModeTrafo =     0
% ModeTrafo_type =     0
% ModeTrafo_start =     3
% ModeTrafo_exluded = 
% ModeTrafo_Algorithm = Renyi
% ModeTrafoLocalRotationAccepted =     0
% ModeTrafoGlobalRotationAccepted =     0
% RDM =     0
% RDMDUMP =     0
% RDM_orig =     0
% RDM1 =     0
% RDM2 =     0
% RDM2_version =     2
% RDM2_ops =     0
% ModeTrafo_global_freq =     0
% ModeTrafo_global_sched = 
% ModeTrafo_global_ind =     0
% ModeTrafo_global_act_iters = 
% ModeTrafoGlobal =     0
% ModeTrafoGlobalNO =     0
% fciqmc_dump =     0
% V_case = triu
% NumWorkers =     1
% NNearest = 
% Spacemode =     3
% Machine = GLNXA64
% Inputfile = ./model.input.wc
% Input_function = model.input.wc
% fid = 
% Input_function_orig = ./model.input.wc
% Iter__ =     1
% EOS =     1
% Input_fname = model.input.wc
% Iter_shift = 
% Sweep = 
% TRerror = 
% Iter = 
% Hterms = 
% NFIG = 
% I_mutual = 
% SymOp_jz =     0
% Enforce_Psi_ud_parity_orig =     0
% Enforce_Psi_eh_parity_orig =     0
% dmrg_run =     1
% op4_use =     0
% kblocking =     0
% Memory_use =     0
% IterStart =     1
% collect_RDMs =     0
% Molecule_name = WignerCrystal
% Outtext_ = wc.out
% Qnumbers_operator =  n1 n2 n3 n4
% Qnumbers_type =  U(1) U(1) U(1) U(1)
% n_u_tot =   NaN
% n_d_tot =   NaN
% N_tot =   NaN
% K_tot =     1
% level_shift =     0
% HF_ocu = 
% E_FCI = 
% E_HF = 
% Modelfile = model_chemistry
% FCIDUMP = ./FCIDUMP.dat
% core_excl = 
% virtual_excl = 
% active = 
% C4_to_C2 =     0
% V_sym =     4
% Spin = 5.000000e-01
% Hubbard =     0
% Spacemode =     3
% Operators_type =     1
% pt0_operators = {n_u, n_d, nund, ndnu, sz}
% pt1_operators = {cp_u,c_u;cp_d,c_d;c_u,cp_u;c_d,cp_d}
% pt2_operators = 
% pt1_add_transponate =     0
% pt2_add_transponate =     0
% current_operators = {}
% current_add_transponate =     0
% V_setup_function =     3
% Infalg =     0
% L4 =     1
% R4 =     1
% L1R3 =     1
% L3R1 =     1
% L2R2 =     1
% TLR =     1
% TL =     1
% TR =     1
% T_nuc =     0
% Bethe =     0
% U = 
% t = 
% V_ = 
% NNearest = 
% fid =     3
% fullH =     0
% Complex =     0
% SiteOperators =  P12 P12 P12 P12 P34 P34 P34 P34
% R_in = 
% deas_ops =  n1 n2 n3 n4
% spin_dep = 
% State_tot =     1    1    0    0
% NuclearShellVersion =     0
% mass_rescale =     1
% Hamilton11 =  opa1cp_u opa1cp_d c_u c_d
% Hamilton11_rev =  cp_u cp_d opa1c_u opa1c_d
% Hamilton31 =  opa31u opa31d c_u c_d
% Hamilton13 =  cp_u cp_d opa33u opa33d
% Hamilton22 =  opa2cpucpu opa2cpdcpd opa2cpucpd opa2cpdcpu opa2cpucu opa2cpdcd opa2cpucd
% Hamilton22_rev =  op2cpucpu op2cpdcpd op2cpucpd op2cpdcpu op2cpucu
% Hamilton_all =  op4 id opa1cp_u opa1cp_d opa31u opa31d cp_u
% Hamilton_all_rev =  op4 id cp_u cp_d opa31u opa31d cp_u
% Hamilton_all_opreorder_L =     1    5    6    9   10   11   12   13   14   15   16    3    4    7    8    2
% Hamilton_all_opreorder_R =     2    7    8    9   10   11   12   13   14   15   16    3    4    5    6    1
% Hamilton_all_constructiondataR =  Size_act
% Hamilton_all_constructiondataL =  Size_act
% Hamilton_all_rev_constructiondataL =  Size_act
% Hamilton_all_rev_constructiondataR =  Size_act
% Hamilton_core_all =  op4_core id symop op4
% Hamilton_core_all_constructiondataL = 
% Hamilton_op4_1000 =  op4 op4 op4 op4 cp_u cp_d cp_u
% Hamilton_op1_1100 = 
% Hamilton_opa1_1100 = 
% Hamilton_op2_1100 = 
% Hamilton_opa2_1100 = 
% Hamilton_opa31_1100 = 
% Hamilton_opa4_1100 = 
% Hamilton_op4_0001 =  op4 op4 op4 op4 cp_u cp_d cp_u
% Hamilton_op1_0011 = 
% Hamilton_opa1_0011 = 
% Hamilton_op2_0011 = 
% Hamilton_opa2_0011 = 
% Hamilton_opa33_0011 = 
% Hamilton_opa4_0011 = 
% n1_tot =     1
% n2_tot =     1
% n3_tot =     0
% n4_tot =     0
% SpinOrbitCoupling =     0
% fact_ = 5.000000e-01
% WignerCrystalCorrection =     1
% Operators = 
% DeasCoreStateIndex =     4
% Hamilton_opa1cp_u_1000 =  opa1cp_u cp_u
% Hamilton_opa1cp_d_1000 =  opa1cp_d cp_d
% Hamilton_opa1sp_1000 =  opa1sp sp
% Hamilton_opa1sm_1000 =  opa1sm sm
% Hamilton_opa1cp_u_new_1000 =  op1V_cp_u cp_u
% Hamilton_opa1cp_d_new_1000 =  op1V_cp_u cp_d
% Hamilton_opa1sp_new_1000 =  op1V_sp sp
% Hamilton_opa1sm_new_1000 =  op1V_sp sm
% Table_opa1cp_u_1000 =  op1V_cp_u 
% Table_opa1sp_1000 =  op1V_sp 
% Hamilton_opa2_1000 =  opa2cpucpu opa2cpdcpd opa2cpucpd opa2cpdcpu opa2cpucd
% Hamilton_opa2cpucpu_1000 =  op2V_op2cpucpu op2cpucpu
% Hamilton_opa2cpdcpd_1000 =  op2V_op2cpucpu op2cpdcpd
% Hamilton_opa2cpucpd_1000 =  op2V_op2cpucpd op2V_op2cpdcpu op2cpucpd
% Hamilton_opa2cpdcpu_1000 =  op2V_op2cpucpd op2V_op2cpdcpu op2cpdcpu
% Hamilton_opa2cpucd_1000 =  op2V_op2cpucd op2V_op2cpdcu_tp op2cpucd
% Hamilton_opa2cpdcu_1000 =  op2V_op2cpucd op2V_op2cpdcu_tp op2cpdcu
% Hamilton_opa2cpucu_1000 =  op2V_op2cpucu op2V_op2cpucu_tp op2V_op2cpdcd
% Hamilton_opa2cpdcd_1000 =  op2V_op2cpucu op2V_op2cpucu_tp op2V_op2cpdcd
% Table_opa2_1000 = 
% Hamilton_opa31u_1000 =  opa31u opa31u
% Hamilton_opa31d_1000 =  opa31d opa31d
% Hamilton_opa1c_u_0001 =  opa1c_u c_u
% Hamilton_opa1c_d_0001 =  opa1c_d c_d
% Hamilton_opa1sp_0001 =  opa1sp sp
% Hamilton_opa1sm_0001 =  opa1sm sm
% Hamilton_opa1c_u_new_0001 =  op1V_c_u c_u
% Hamilton_opa1c_d_new_0001 =  op1V_c_u c_d
% Hamilton_opa1sp_new_0001 =  op1V_sm sp
% Hamilton_opa1sm_new_0001 =  op1V_sm sm
% Table_opa1c_u_0001 =  op1V_c_u 
% Table_opa1sm_0001 =  op1V_sm 
% Hamilton_op2_0001 =  op2cucu op2cdcd op2cucd op2cdcu op2cpucd
% Hamilton_opa2_0001 =  opa2cucu opa2cdcd opa2cucd opa2cdcu opa2cpucd
% Hamilton_opa2cucu_0001 =  op2V_op2cucu op2cucu
% Hamilton_opa2cdcd_0001 =  op2V_op2cucu op2cdcd
% Hamilton_opa2cucd_0001 =  op2V_op2cucd op2V_op2cdcu op2cucd
% Hamilton_opa2cdcu_0001 =  op2V_op2cucd op2V_op2cdcu op2cdcu
% Hamilton_opa2cpucd_0001 =  op2V_op2cpucd op2V_op2cpdcu_tp op2cpucd
% Hamilton_opa2cpdcu_0001 =  op2V_op2cpucd op2V_op2cpdcu_tp op2cpdcu
% Hamilton_opa2cpucu_0001 =  op2V_op2cpucu op2V_op2cpucu_tp op2V_op2cpdcd
% Hamilton_opa2cpdcd_0001 =  op2V_op2cpucu op2V_op2cpucu_tp op2V_op2cpdcd
% Table_opa2_0001 = 
% Hamilton_opa33u_0001 =  opa33u opa33u
% Hamilton_opa33d_0001 =  opa33d opa33d
% opa33u_0001_core = 
% opa33d_0001_core = 
% Table_core_iclcjaka = 
% Table_op4_core_v = 
% Hamilton_cp_u_1100 =  cp_u ph id cp_u
% Hamilton_cp_d_1100 =  cp_d ph id cp_d
% Hamilton_c_u_1100 =  c_u ph id c_u
% Hamilton_c_d_1100 =  c_d ph id c_d
% Hamilton_sp_1100 =  sp id id sp
% Hamilton_sm_1100 =  sm id id sm
% Hamilton_opa1cp_u_1100 =  opa1cp_uV2 opa1cp_u ph id cp_u
% Hamilton_opa1cp_d_1100 =  opa1cp_dV2 opa1cp_d ph id cp_d
% Hamilton_opa1sp_1100 =  opa1spV2 opa1sp id id sp
% Hamilton_opa1sm_1100 =  opa1smV2 opa1sm id id sm
% Table_opa1cp_u_1100 = 
% Table_opa1cp_d_1100 = 
% Table_opa1sp_1100 = 
% Table_opa1sm_1100 = 
% Hamilton_op2cpucpu_1100 =  op2cpucpu cp_u id cp_u
% Hamilton_op2cpdcpd_1100 =  op2cpdcpd cp_d id cp_d
% Hamilton_op2cpucpd_1100 =  op2cpucpd cp_u id id
% Hamilton_op2cpdcpu_1100 =  op2cpdcpu cp_d id id
% Hamilton_op2cpucu_1100 =  op2cpucu cp_u id id
% Hamilton_op2cpdcd_1100 =  op2cpdcd cp_d id id
% Hamilton_op2cpucd_1100 =  op2cpucd cp_u id id
% Hamilton_op2cpdcu_1100 =  op2cpdcu cp_d id id
% Table_opa2_1100 = 
% Table_opa2core_1100 = 
% Hamilton_opa2cpucpu_1100 =  op2V_cp_u_cp_u opa2cpucpu cp_u id cp_u
% Hamilton_opa2cpdcpd_1100 =  op2V_cp_u_cp_u opa2cpdcpd cp_d id cp_d
% Hamilton_opa2cpucpd_1100 =  op2V1 op2V1 op2V1ji opa2cpucpd cp_u id
% Hamilton_opa2cpdcpu_1100 =  op2V1 op2V1 op2V1ji opa2cpdcpu cp_d id
% Hamilton_opa2cpucd_1100 =  op2V5 op2V5ji op2V5 opa2cpucd cp_u cp_d
% Hamilton_opa2cpdcu_1100 =  op2V5 op2V5ji op2V5 opa2cpdcu cp_d cp_u
% Hamilton_opa2cpucu_1100 =  op2V53 op2V53 op2V53ji op2V3 op2V3 op2V3ji
% Hamilton_opa2cpdcd_1100 =  op2V53 op2V53 op2V53ji op2V3 op2V3 op2V3ji
% Hamilton_opa2core = 
% Hamilton_opa2core_rev = 
% Hamilton_opa2core_lqqr =  op2V_cpu_cu_core op2V_cpu_cpu_tp_core op2V_cpd_cd_core op2V_cpd_cpd_tp_core op2V_id_op2cpucu_core op2V_id_op2cpdcd_core
% Hamilton_opa2core_rev_lqqr =  op2V_op2cpucu_id_core op2V_op2cpucu_id_tp_core op2V_op2cpdcd_id_core op2V_op2cpdcd_id_tp_core op2V_cpu_cu_core op2V_cpu_cpu_tp_core op2V_cpd_cd_core
% Hamilton_opa31u_1100 =  op3V_id_op31u op3V_cpu_op2cpdcd
% Hamilton_opa31d_1100 =  op3V_id_op31u op3V_cpu_op2cpdcd
% Hamilton_opa31u_rev_1100 =  op3V_op2cpucpu_cu op3V_op2cpucu_cpu op3V_op2cpucu_cpu_tp op3V_op2cpucpd_cd op3V_op2cpdcpu_cd op3V_op2cpucd_cpd
% Hamilton_opa31d_rev_1100 =  op3V_op2cpucpu_cu op3V_op2cpucu_cpu op3V_op2cpucu_cpu_tp op3V_op2cpucpd_cd op3V_op2cpdcpu_cd op3V_op2cpucd_cpd
% Table_opa31u_1100 = 
% Table_opa31d_1100 = 
% Hamilton_op4_1100 =  op4V_cpu_op33u op4V_cpu_op33u
% Hamilton_op4_rev_1100 =  op4V_cpu_op33u op4V_cpu_op33u op4V_op2cpdcpu_op2cucd op4V_op2cpdcpu_op2cucd
% Table_op4_1100 = 
% Hamilton_cp_u_0011 =  id cp_u cp_u id ph
% Hamilton_cp_d_0011 =  id cp_d cp_d id ph
% Hamilton_c_u_0011 =  id c_u c_u id ph
% Hamilton_c_d_0011 =  id c_d c_d id ph
% Hamilton_sm_0011 =  id sm sm id
% Hamilton_sp_0011 =  id sp sp id
% Hamilton_opa1c_u_0011 =  op1V_cu_id id c_u opa1c_u id ph
% Hamilton_opa1c_d_0011 =  op1V_cd_id id c_d opa1c_d id ph
% Hamilton_opa1sm_0011 =  op1V_sm_id id sm opa1sm id
% Hamilton_opa1sp_0011 =  op1V_sm_id id sp opa1sp id
% Table_opa1c_u_0011 =  op1V_cu_id 
% Table_opa1c_d_0011 =  op1V_cd_id 
% Table_opa1sm_rev_0011 =  op1V_sm_id 
% Table_opa1cp_u_0011 = 
% Table_opa1cp_d_0011 = 
% Table_opa1sp_0011 = 
% Table_opa1sm_0011 = 
% Hamilton_op2cucu_0011 =  op2cucu c_u id id
% Hamilton_op2cucd_0011 =  op2cucd c_u id id
% Hamilton_op2cdcu_0011 =  op2cdcu c_d id id
% Hamilton_op2cdcd_0011 =  op2cdcd c_d id id
% Hamilton_op2cpucu_0011 =  op2cpucu cp_u id id
% Hamilton_op2cpucd_0011 =  op2cpucd cp_u id id
% Hamilton_op2cpdcu_0011 =  op2cpdcu cp_d id id
% Hamilton_op2cpdcd_0011 =  op2cpdcd cp_d id id
% Table_opa2_0011 = 
% Hamilton_opa2cucu_0011 =  op2V_cu_cu id c_u opa2cucu c_u
% Hamilton_opa2cdcd_0011 =  op2V_cu_cu id c_d opa2cdcd c_d
% Hamilton_opa2cdcu_0011 =  op2V1 op2V1lk op2V_op2cdcu_id id c_d c_u
% Hamilton_opa2cucd_0011 =  op2V1 op2V1lk op2V_op2cdcu_id id c_u c_d
% Hamilton_opa2cpucu_0011 =  op2V_cpu_cu op2V_cu_cu_tp op2V_op2cpucu_id op2V2 op2V2lk op2V4
% Hamilton_opa2cpdcd_0011 =  op2V_cpu_cu op2V_cu_cu_tp op2V_op2cpucu_id op2V2 op2V2lk op2V4
% Hamilton_opa2cpdcu_0011 =  op2V3 op2V3lk op2V5 id cp_d c_u
% Hamilton_opa2cpucd_0011 =  op2V3 op2V3lk op2V5 id cp_u c_d
% Table_opa2core_0011 = 
% Hamilton_opa33u_0011 =  op3V_op2cdcu_cd_tp op3V_op2cpucu_cu op3V_op2cpdcd_cu op3V_op2cpdcu_cd op3V_op33u_id op3V_cpu_op2cucu
% Hamilton_opa33u_rev_0011 =  op3V_op2cdcu_cd_tp op3V_op2cpucu_cu
% Hamilton_opa33d_0011 =  op3V_op2cdcu_cd_tp op3V_op2cpucu_cu op3V_op2cpdcd_cu op3V_op2cpdcu_cd op3V_op33u_id op3V_cpu_op2cucu
% Hamilton_opa33d_rev_0011 =  op3V_op2cdcu_cd_tp op3V_op2cpucu_cu
% Table_opa33u_0011 = 
% Table_opa33u_core_0011 = 
% Hamilton_op4_0011 =  op4V_op31u_cu op4V_op31u_cu op4V_op2cpucpu_op2cucu op4V_op2cpucpu_op2cucu
% Hamilton_op4_rev_0011 = 
% Table_op4_0011 = 
% Table_op4_core_0011 = 
% L1R1 =     1
% Qnum_file = 
% ------------ Legend          -----------------------------------------

% Step  ==  One renormaliztaion step in DMRG 
% E_rel ==  (E_FCI - E_DMRG)/E_FCI
% E_tr  ==  Truncation error
% l*    ==  Length of left block + site
% *r    ==  Length of site + right block  
% Time  ==  Total cpu time
% Dim_n ==  Superblock Hilbert space dimension after State_tot restriction
% Dim_k ==  Superblock Hilbert space dimension after K_tot    restriction
% Dim_s ==  Superblock Hilbert space dimension after S_ud     symmetry
% SP    ==  Sparsity of Hamiltonian
% Cm    ==  Colmax
% NLC   ==  Number of Lanczos calls   
% --------------------------------------------------------

%Iter         Energy        E_rel    l*  *r   Ml   Mr    E_tr     Time    Dim_n  Dim_k  Dim_s  NLC  Diagt  1-StvO  Ecorr  Parity
 A_in = [... 
    1      7.91634313751254       Inf    2    6     4   124  0.00e+00   18.2*s         16         16         16    6     0.2*s  1.0e+00  0.00  0.00
    2      7.87180628801682       Inf    3    5    16    31  0.00e+00   20.5*s         16         16         16    6     0.0*s  4.5e-03  0.00  0.00
    3      7.87180628801682       Inf    4    4    64    15  0.00e+00   22.2*s         16         16         16    6     0.0*s -2.2e-16  0.00  0.00
    4      7.87180628801681       Inf    5    3   256     7  0.00e+00   24.3*s         16         16         16    6     0.0*s  0.0e+00  0.00  0.00
    5      7.87180628801681       Inf    6    2   256     4  0.00e+00   27.2*s         10         10         10    1     0.0*s  0.0e+00  0.00  0.00
    6      7.87180628801681       Inf    5    3   256    16  0.00e+00   28.4*s         16         16         16    1     0.0*s  0.0e+00  0.00  0.00
    7      7.87180628801682       Inf    4    4    64    64  0.00e+00   30.0*s         16         16         16    1     0.1*s  0.0e+00  0.00  0.00
    8      7.87180628801682       Inf    3    5    16   256  0.00e+00   31.7*s         16         16         16    1     0.0*s -2.2e-16  0.00  0.00
    9      7.87180628801682       Inf    2    6     4  1024  0.00e+00   34.6*s         16         16         16    1     0.0*s  0.0e+00  0.00  0.00
   10      7.87180628801682       Inf    3    5    16   256  0.00e+00   35.5*s         16         16         16    1     0.0*s  1.1e-16  0.00  0.00
   11      7.87180628801682       Inf    4    4    64    64  0.00e+00   36.6*s         16         16         16    1     0.0*s  0.0e+00  0.00  0.00
